<?xml version="1.0" encoding="UTF-8"?>
<!-- Generated by org.testng.reporters.JUnitReportReporter -->
<testsuite hostname="DESKTOP-89ALS6Q" failures="0" tests="1" name="com.internetBanking.testCases.TC_DeleteCustomerTest_005" time="10.553" errors="0" timestamp="2020-05-06T16:55:33 CDT" skipped="0">
  <testcase classname="com.internetBanking.testCases.TC_DeleteCustomerTest_005" name="deleteCustomer" time="10.553"/>
  <system-out/>
</testsuite> <!-- com.internetBanking.testCases.TC_DeleteCustomerTest_005 -->
