<?xml version="1.0" encoding="UTF-8"?>
<!-- Generated by org.testng.reporters.JUnitReportReporter -->
<testsuite hostname="DESKTOP-89ALS6Q" failures="0" tests="2" name="com.internetBanking.testCases.TC_LoginDDT_002" time="15.633" errors="0" timestamp="2020-05-04T20:37:11 CDT" skipped="0">
  <testcase classname="com.internetBanking.testCases.TC_LoginDDT_002" name="loginDDT" time="7.802"/>
  <system-out/>
  <testcase classname="com.internetBanking.testCases.TC_LoginDDT_002" name="loginDDT" time="7.831"/>
  <system-out/>
</testsuite> <!-- com.internetBanking.testCases.TC_LoginDDT_002 -->
