<?xml version="1.0" encoding="UTF-8"?>
<!-- Generated by org.testng.reporters.JUnitReportReporter -->
<testsuite hostname="DESKTOP-89ALS6Q" failures="0" tests="1" name="com.internetBanking.testCases.TC_AddCustomerTest_003" time="14.520" errors="0" timestamp="2020-05-04T20:37:11 CDT" skipped="0">
  <testcase classname="com.internetBanking.testCases.TC_AddCustomerTest_003" name="addNewCustomer" time="14.520"/>
  <system-out/>
</testsuite> <!-- com.internetBanking.testCases.TC_AddCustomerTest_003 -->
