<?xml version="1.0" encoding="UTF-8"?>
<!-- Generated by org.testng.reporters.JUnitReportReporter -->
<testsuite hostname="DESKTOP-89ALS6Q" failures="0" tests="1" name="com.internetBanking.testCases.TC_AddCustomerTest_003" time="17.937" errors="0" timestamp="2020-05-06T16:47:25 CDT" skipped="0">
  <testcase classname="com.internetBanking.testCases.TC_AddCustomerTest_003" name="addNewCustomer" time="17.937"/>
  <system-out/>
</testsuite> <!-- com.internetBanking.testCases.TC_AddCustomerTest_003 -->
