<?xml version="1.0" encoding="UTF-8"?>
<!-- Generated by org.testng.reporters.JUnitReportReporter -->
<testsuite hostname="DESKTOP-89ALS6Q" failures="0" tests="1" name="com.internetBanking.testCases.TC_LoginTest_001" time="6.974" errors="0" timestamp="2020-05-04T18:29:04 CDT" skipped="0">
  <testcase classname="com.internetBanking.testCases.TC_LoginTest_001" name="loginTest" time="6.974"/>
  <system-out/>
</testsuite> <!-- com.internetBanking.testCases.TC_LoginTest_001 -->
