<?xml version="1.0" encoding="UTF-8"?>
<!-- Generated by org.testng.reporters.JUnitReportReporter -->
<testsuite hostname="DESKTOP-89ALS6Q" failures="0" tests="1" name="com.internetBanking.testCases.TC_LoginTest_001" time="5.077" errors="0" timestamp="2020-05-06T00:43:31 CDT" skipped="0">
  <testcase classname="com.internetBanking.testCases.TC_LoginTest_001" name="loginTest" time="5.077"/>
  <system-out/>
</testsuite> <!-- com.internetBanking.testCases.TC_LoginTest_001 -->
