<?xml version="1.0" encoding="UTF-8"?>
<!-- Generated by org.testng.reporters.JUnitReportReporter -->
<testsuite hostname="DESKTOP-89ALS6Q" failures="0" tests="2" name="com.internetBanking.testCases.TC_LoginDDT_002" time="16.676" errors="0" timestamp="2020-05-06T01:48:43 CDT" skipped="0">
  <testcase classname="com.internetBanking.testCases.TC_LoginDDT_002" name="loginDDT" time="8.732"/>
  <system-out/>
  <testcase classname="com.internetBanking.testCases.TC_LoginDDT_002" name="loginDDT" time="7.944"/>
  <system-out/>
</testsuite> <!-- com.internetBanking.testCases.TC_LoginDDT_002 -->
